
Showing logs for build [32mjstrachan-nodey421-master-t5l7g-4[0m stage [32mfrom-build-pack[0m and container [32mstep-credential-initializer-tzf2l[0m
{"level":"warn","ts":1582617764.9460075,"logger":"fallback-logger","caller":"logging/config.go:69","msg":"Fetch GitHub commit ID from kodata failed: \"ref: refs/heads/0.8.0-**-support-backwards-incompats\" is not a valid GitHub commit ID"}
{"level":"info","ts":1582617764.9467192,"logger":"fallback-logger","caller":"creds-init/main.go:40","msg":"Credentials initialized."}

Showing logs for build [32mjstrachan-nodey421-master-t5l7g-4[0m stage [32mfrom-build-pack[0m and container [32mstep-working-dir-initializer-rrhn5[0m
{"level":"warn","ts":1582617765.9095728,"logger":"fallback-logger","caller":"logging/config.go:69","msg":"Fetch GitHub commit ID from kodata failed: open /var/run/ko/HEAD: no such file or directory"}
{"level":"info","ts":1582617765.9112859,"logger":"fallback-logger","caller":"bash/main.go:64","msg":"Successfully executed command \"sh -c mkdir -p /workspace/source\"; output "}

Showing logs for build [32mjstrachan-nodey421-master-t5l7g-4[0m stage [32mfrom-build-pack[0m and container [32mstep-place-tools[0m

Showing logs for build [32mjstrachan-nodey421-master-t5l7g-4[0m stage [32mfrom-build-pack[0m and container [32mstep-git-source-jstrachan-nodey421-master-t5l7g-8ks2z[0m
{"level":"warn","ts":1582617773.0699635,"logger":"fallback-logger","caller":"logging/config.go:69","msg":"Fetch GitHub commit ID from kodata failed: \"ref: refs/heads/0.8.0-**-support-backwards-incompats\" is not a valid GitHub commit ID"}
{"level":"info","ts":1582617774.1614776,"logger":"fallback-logger","caller":"git/git.go:103","msg":"Successfully cloned https://github.com/*********/nodey421.git @ v0.0.3 in path /workspace/source"}

Showing logs for build [32mjstrachan-nodey421-master-t5l7g-4[0m stage [32mfrom-build-pack[0m and container [32mstep-git-merge[0m
Using SHAs from PULL_REFS=master:00004b848e8e7048a1983db0359d6a21a8b27a90
WARNING: no SHAs to merge, falling back to initial cloned commit

Showing logs for build [32mjstrachan-nodey421-master-t5l7g-4[0m stage [32mfrom-build-pack[0m and container [32mstep-setup-jx-git-credentials[0m
Generated Git credentials file /workspace/xdg_config/git/credentials

Showing logs for build [32mjstrachan-nodey421-master-t5l7g-4[0m stage [32mfrom-build-pack[0m and container [32mstep-build-npmrc[0m
Command "credential" is deprecated, it will be removed on Jun 1 2020.  This is replaced by Tekton's mounted secrets
WARNING: failed to find Secret npm-token in namespace **

Showing logs for build [32mjstrachan-nodey421-master-t5l7g-4[0m stage [32mfrom-build-pack[0m and container [32mstep-build-npm-install[0m
npm notice created a lockfile as package-lock.json. You should commit this file.
npm WARN REPLACE_ME@1.0.0 No repository field.
npm WARN REPLACE_ME@1.0.0 No license field.

up to date in 0.373s
found 0 vulnerabilities


Showing logs for build [32mjstrachan-nodey421-master-t5l7g-4[0m stage [32mfrom-build-pack[0m and container [32mstep-build-npm-test[0m

> REPLACE_ME@1.0.0 test /workspace/source
> echo "no test specified" && exit 0

no test specified

Showing logs for build [32mjstrachan-nodey421-master-t5l7g-4[0m stage [32mfrom-build-pack[0m and container [32mstep-build-container-build[0m
ERROR: logging before flag.Parse: E0225 08:02:58.567985      11 metadata.go:241] Failed to unmarshal scopes: invalid character 'h' looking for beginning of value
[36mINFO[0m[0000] Downloading base image node:9-slim           
ERROR: logging before flag.Parse: E0225 08:02:58.583492      11 metadata.go:142] while reading 'google-dockercfg' metadata: http status code: 404 while fetching url http://metadata.google.internal./computeMetadata/v1/instance/attributes/google-dockercfg
ERROR: logging before flag.Parse: E0225 08:02:58.586356      11 metadata.go:159] while reading 'google-dockercfg-url' metadata: http status code: 404 while fetching url http://metadata.google.internal./computeMetadata/v1/instance/attributes/google-dockercfg-url
2020/02/25 08:02:58 No matching credentials were found, falling back on anonymous
[36mINFO[0m[0002] Error while retrieving image from cache: getting file info: stat /workspace/sha256:0e0175bbe4f8d9d104590d8d2c591017874e30977cb71aaff1cf6fa99479575c: no such file or directory 
[36mINFO[0m[0002] Downloading base image node:9-slim           
2020/02/25 08:02:59 No matching credentials were found, falling back on anonymous
[36mINFO[0m[0002] Executing 0 build triggers                   
[36mINFO[0m[0002] cmd: EXPOSE                                  
[36mINFO[0m[0002] Adding exposed port: 8080/tcp                
[36mINFO[0m[0002] Using files from context: [/workspace/source] 
[36mINFO[0m[0002] Skipping unpacking as no commands require it. 
[36mINFO[0m[0002] Taking snapshot of full filesystem...        
[36mINFO[0m[0002] ENV PORT 8080                                
[36mINFO[0m[0002] No files changed in this command, skipping snapshotting. 
[36mINFO[0m[0002] EXPOSE 8080                                  
[36mINFO[0m[0002] cmd: EXPOSE                                  
[36mINFO[0m[0002] Adding exposed port: 8080/tcp                
[36mINFO[0m[0002] No files changed in this command, skipping snapshotting. 
[36mINFO[0m[0002] WORKDIR /usr/src/app                         
[36mINFO[0m[0002] cmd: workdir                                 
[36mINFO[0m[0002] Changed working directory to /usr/src/app    
[36mINFO[0m[0002] Creating directory /usr/src/app              
[36mINFO[0m[0002] Taking snapshot of files...                  
[36mINFO[0m[0002] Using files from context: [/workspace/source] 
[36mINFO[0m[0003] COPY . .                                     
[36mINFO[0m[0003] Taking snapshot of files...                  
[36mINFO[0m[0003] CMD ["npm", "start"]                         
[36mINFO[0m[0003] No files changed in this command, skipping snapshotting. 
2020/02/25 08:03:01 existing blob: sha256:e01bd28a434b56ffd2a3fe9aa99b9b69aecca69904843edd30b1ee7150d79904
2020/02/25 08:03:01 existing blob: sha256:196b8e3c919d5639193ba6c6e54774528942041bbc37606631a2250502985c3c
2020/02/25 08:03:01 existing blob: sha256:5bba3ecb4cd6374a19da45f2a3db0a9c0804984358b3bb4b666c28944016e5ff
2020/02/25 08:03:01 existing blob: sha256:7d083412657baa2dafba8d093034ef26f9ed2c90fb6ed95f76bb55aff03ed429
2020/02/25 08:03:01 existing blob: sha256:a88538b9cd05cfa611e43a25582a95ad7879f6fa708b0386a26b71ee62235bb3
2020/02/25 08:03:04 pushed blob: sha256:be86b787d61ab3864404b1ecc62a2f18409d3e590a459222f7cbe6926e3a9478
2020/02/25 08:03:04 pushed blob: sha256:bd85bf54f0fc8ab4ab9f1a82dfa673c78c9f9b4bf85619f5ac7cd5c0d3271fb6
2020/02/25 08:03:04 pushed blob: sha256:97509bc514f443d2bf818e6a49ae78f9889c344b10777704ec5626e29cacecae
2020/02/25 08:03:06 gcr.io/*********-multicluster/nodey421:0.0.3: digest: sha256:646ed533e38db636e5e7b3949beb678114541c569125ad7df7de0977fa24d2ed size: 1404

Showing logs for build [32mjstrachan-nodey421-master-t5l7g-4[0m stage [32mfrom-build-pack[0m and container [32mstep-build-post-build[0m
no CVE provider running in the current ** namespace so skip adding image to be analysed

Showing logs for build [32mjstrachan-nodey421-master-t5l7g-4[0m stage [32mfrom-build-pack[0m and container [32mstep-promote-changelog[0m
Converted /workspace/source/charts/nodey421 to an unshallow repository
Generating change log from git ref 763ea5622470d2f8e627a536d7706c8ff0031182 => 55e5b49263adafc7691f936c22c68cbefe09e45c
WARNING: Failed to enrich commit 00004b848e8e7048a1983db0359d6a21a8b27a90 with issues: selected more than one user from users.jenkins.io: [********* x-0]
WARNING: Failed to enrich commit 00004b848e8e7048a1983db0359d6a21a8b27a90 with issues: selected more than one user from users.jenkins.io: [********* x-0]
Finding issues in commit messages using git format
WARNING: Failed to enrich commit 5bc5bc0edd6e4cf5be8c2340d406b592a6136511 with issues: selected more than one user from users.jenkins.io: [********* x-0]
WARNING: Failed to enrich commit 5bc5bc0edd6e4cf5be8c2340d406b592a6136511 with issues: selected more than one user from users.jenkins.io: [********* x-0]
WARNING: No release found for *********/nodey421 and tag v0.0.3 so creating a new release
Updated the release information at https://github.com/*********/nodey421/releases/tag/v0.0.3
generated: /workspace/source/charts/nodey421/templates/release.yaml
Created Release nodey421-0-0-3 resource in namespace **
Updating PipelineActivity *********-nodey421-master-4 with version 0.0.3
Updated PipelineActivities *********-nodey421-master-4 with release notes URL: https://github.com/*********/nodey421/releases/tag/v0.0.3

Showing logs for build [32mjstrachan-nodey421-master-t5l7g-4[0m stage [32mfrom-build-pack[0m and container [32mstep-promote-helm-release[0m
WARNING: No $CHART_REPOSITORY defined so using the default value of: http://jenkins-x-chartmuseum:8080
Adding missing Helm repo: storage.googleapis.com https://storage.googleapis.com/chartmuseum.jenkins-x.io
Successfully added Helm repository storage.googleapis.com.
Adding missing Helm repo: jenkins-x-chartmuseum http://jenkins-x-chartmuseum:8080
Successfully added Helm repository jenkins-x-chartmuseum.
WARNING: No $CHART_REPOSITORY defined so using the default value of: http://jenkins-x-chartmuseum:8080
Uploading chart file nodey421-0.0.3.tgz to http://jenkins-x-chartmuseum:8080/api/charts
Received 201 response: {"saved":true}

Showing logs for build [32mjstrachan-nodey421-master-t5l7g-4[0m stage [32mfrom-build-pack[0m and container [32mstep-promote-jx-promote[0m
Cloning the Jenkins X versions repo https://github.com/*********/jenkins-x-versions.git with ref refs/heads/master to /builder/home/.**/jenkins-x-versions
WARNING: prow based install so skip waiting for the merge of Pull Requests to go green as currently there is an issue with gettingstatuses from the PR, see https://github.com/jenkins-x/**/issues/2410
WARNING: No $CHART_REPOSITORY defined so using the default value of: http://jenkins-x-chartmuseum:8080
Promoting app nodey421 version 0.0.3 to namespace **-staging
WARNING: 
Created Pull Request: https://github.com/*********/environment-*********-**2-staging/pull/4
Added label updatebot to Pull Request https://github.com/*********/environment-*********-**2-staging/pull/4
got git provider status pending from PR https://github.com/*********/environment-*********-**2-staging/pull/4
got git provider status pending from PR https://github.com/*********/environment-*********-**2-staging/pull/4
got git provider status pending from PR https://github.com/*********/environment-*********-**2-staging/pull/4
got git provider status pending from PR https://github.com/*********/environment-*********-**2-staging/pull/4
Pull Request https://github.com/*********/environment-*********-**2-staging/pull/4 is merged at sha ee5e773cee0dff0d5d9b9fa4f69bc0f16131e6bd
Pull Request merged but we are not waiting for the update pipeline to complete!
