
Showing logs for build [32mjstrachan-nodey421-pr-4-pr-buil-wdgfw-1[0m stage [32mfrom-build-pack[0m and container [32mstep-credential-initializer-dzjcq[0m
{"level":"warn","ts":1582617813.17105,"logger":"fallback-logger","caller":"logging/config.go:69","msg":"Fetch GitHub commit ID from kodata failed: \"ref: refs/heads/0.8.0-**-support-backwards-incompats\" is not a valid GitHub commit ID"}
{"level":"info","ts":1582617813.171805,"logger":"fallback-logger","caller":"creds-init/main.go:40","msg":"Credentials initialized."}

Showing logs for build [32mjstrachan-nodey421-pr-4-pr-buil-wdgfw-1[0m stage [32mfrom-build-pack[0m and container [32mstep-working-dir-initializer-9czr2[0m
{"level":"warn","ts":1582617814.1746893,"logger":"fallback-logger","caller":"logging/config.go:69","msg":"Fetch GitHub commit ID from kodata failed: open /var/run/ko/HEAD: no such file or directory"}
{"level":"info","ts":1582617814.1766536,"logger":"fallback-logger","caller":"bash/main.go:64","msg":"Successfully executed command \"sh -c mkdir -p /workspace/source\"; output "}

Showing logs for build [32mjstrachan-nodey421-pr-4-pr-buil-wdgfw-1[0m stage [32mfrom-build-pack[0m and container [32mstep-place-tools[0m

Showing logs for build [32mjstrachan-nodey421-pr-4-pr-buil-wdgfw-1[0m stage [32mfrom-build-pack[0m and container [32mstep-git-source-jstrachan-nodey421-pr-4-pr-buil-wdgfw-prqhf[0m
{"level":"warn","ts":1582617821.2975287,"logger":"fallback-logger","caller":"logging/config.go:69","msg":"Fetch GitHub commit ID from kodata failed: \"ref: refs/heads/0.8.0-**-support-backwards-incompats\" is not a valid GitHub commit ID"}
{"level":"info","ts":1582617822.392629,"logger":"fallback-logger","caller":"git/git.go:103","msg":"Successfully cloned https://github.com/*********/nodey421.git @ master in path /workspace/source"}

Showing logs for build [32mjstrachan-nodey421-pr-4-pr-buil-wdgfw-1[0m stage [32mfrom-build-pack[0m and container [32mstep-git-merge[0m
Using SHAs from PULL_REFS=master:00004b848e8e7048a1983db0359d6a21a8b27a90,4:ea920b0179b172fa8af5da74dc9618e63b2e6fc5
DEBUG: LC_ALL=C JX_LOG_LEVEL=error git fetch origin --unshallow ea920b0179b172fa8af5da74dc9618e63b2e6fc5: 00004b848e8e7048a1983db0359d6a21a8b27a90:
DEBUG: ran git fetch --unshallow origin ea920b0179b172fa8af5da74dc9618e63b2e6fc5: 00004b848e8e7048a1983db0359d6a21a8b27a90: in 
DEBUG: LC_ALL=C JX_LOG_LEVEL=error git branch
DEBUG: LC_ALL=C JX_LOG_LEVEL=error git checkout master
DEBUG: ran git checkout master in 
DEBUG: LC_ALL=C JX_LOG_LEVEL=error git reset --hard 00004b848e8e7048a1983db0359d6a21a8b27a90
DEBUG: ran git reset --hard 00004b848e8e7048a1983db0359d6a21a8b27a90 in 
DEBUG: LC_ALL=C JX_LOG_LEVEL=error git clean -fd .
DEBUG: ran clean --force -d . in 
DEBUG: LC_ALL=C JX_LOG_LEVEL=error git merge ea920b0179b172fa8af5da74dc9618e63b2e6fc5
DEBUG: ran git merge ea920b0179b172fa8af5da74dc9618e63b2e6fc5 in 
DEBUG: LC_ALL=C JX_LOG_LEVEL=error git log --format=%H%x1f%an%x1f%ae%x1f%cn%x1f%ce%x1f%s%n%b%x1e 00004b848e8e7048a1983db0359d6a21a8b27a90..HEAD
Merged SHA ea920b0179b172fa8af5da74dc9618e63b2e6fc5 with commit message 'Update index.html' into base branch master

Showing logs for build [32mjstrachan-nodey421-pr-4-pr-buil-wdgfw-1[0m stage [32mfrom-build-pack[0m and container [32mstep-build-npmrc[0m
Command "credential" is deprecated, it will be removed on Jun 1 2020.  This is replaced by Tekton's mounted secrets
WARNING: failed to find Secret npm-token in namespace **

Showing logs for build [32mjstrachan-nodey421-pr-4-pr-buil-wdgfw-1[0m stage [32mfrom-build-pack[0m and container [32mstep-build-npm-install[0m
npm notice created a lockfile as package-lock.json. You should commit this file.
npm WARN REPLACE_ME@1.0.0 No repository field.
npm WARN REPLACE_ME@1.0.0 No license field.

up to date in 0.369s
found 0 vulnerabilities


Showing logs for build [32mjstrachan-nodey421-pr-4-pr-buil-wdgfw-1[0m stage [32mfrom-build-pack[0m and container [32mstep-build-npm-test[0m

> REPLACE_ME@1.0.0 test /workspace/source
> echo "no test specified" && exit 0

no test specified

Showing logs for build [32mjstrachan-nodey421-pr-4-pr-buil-wdgfw-1[0m stage [32mfrom-build-pack[0m and container [32mstep-build-container-build[0m
ERROR: logging before flag.Parse: E0225 08:03:49.666420      12 metadata.go:241] Failed to unmarshal scopes: invalid character 'h' looking for beginning of value
[36mINFO[0m[0000] Downloading base image node:9-slim           
ERROR: logging before flag.Parse: E0225 08:03:49.680650      12 metadata.go:142] while reading 'google-dockercfg' metadata: http status code: 404 while fetching url http://metadata.google.internal./computeMetadata/v1/instance/attributes/google-dockercfg
ERROR: logging before flag.Parse: E0225 08:03:49.683068      12 metadata.go:159] while reading 'google-dockercfg-url' metadata: http status code: 404 while fetching url http://metadata.google.internal./computeMetadata/v1/instance/attributes/google-dockercfg-url
2020/02/25 08:03:49 No matching credentials were found, falling back on anonymous
[36mINFO[0m[0002] Error while retrieving image from cache: getting file info: stat /workspace/sha256:0e0175bbe4f8d9d104590d8d2c591017874e30977cb71aaff1cf6fa99479575c: no such file or directory 
[36mINFO[0m[0002] Downloading base image node:9-slim           
2020/02/25 08:03:50 No matching credentials were found, falling back on anonymous
[36mINFO[0m[0002] Executing 0 build triggers                   
[36mINFO[0m[0002] cmd: EXPOSE                                  
[36mINFO[0m[0002] Adding exposed port: 8080/tcp                
[36mINFO[0m[0002] Using files from context: [/workspace/source] 
[36mINFO[0m[0002] Skipping unpacking as no commands require it. 
[36mINFO[0m[0002] Taking snapshot of full filesystem...        
[36mINFO[0m[0002] ENV PORT 8080                                
[36mINFO[0m[0002] No files changed in this command, skipping snapshotting. 
[36mINFO[0m[0002] EXPOSE 8080                                  
[36mINFO[0m[0002] cmd: EXPOSE                                  
[36mINFO[0m[0002] Adding exposed port: 8080/tcp                
[36mINFO[0m[0002] No files changed in this command, skipping snapshotting. 
[36mINFO[0m[0002] WORKDIR /usr/src/app                         
[36mINFO[0m[0002] cmd: workdir                                 
[36mINFO[0m[0002] Changed working directory to /usr/src/app    
[36mINFO[0m[0002] Creating directory /usr/src/app              
[36mINFO[0m[0002] Taking snapshot of files...                  
[36mINFO[0m[0002] Using files from context: [/workspace/source] 
[36mINFO[0m[0002] COPY . .                                     
[36mINFO[0m[0002] Taking snapshot of files...                  
[36mINFO[0m[0003] CMD ["npm", "start"]                         
[36mINFO[0m[0003] No files changed in this command, skipping snapshotting. 
2020/02/25 08:03:52 existing blob: sha256:7d083412657baa2dafba8d093034ef26f9ed2c90fb6ed95f76bb55aff03ed429
2020/02/25 08:03:52 existing blob: sha256:196b8e3c919d5639193ba6c6e54774528942041bbc37606631a2250502985c3c
2020/02/25 08:03:52 existing blob: sha256:a88538b9cd05cfa611e43a25582a95ad7879f6fa708b0386a26b71ee62235bb3
2020/02/25 08:03:52 existing blob: sha256:e01bd28a434b56ffd2a3fe9aa99b9b69aecca69904843edd30b1ee7150d79904
2020/02/25 08:03:52 existing blob: sha256:5bba3ecb4cd6374a19da45f2a3db0a9c0804984358b3bb4b666c28944016e5ff
2020/02/25 08:03:55 pushed blob: sha256:acdbe461b6ec87ffc49e0378ecbc1d91808c00e50acc1c40d65309427fd6ae91
2020/02/25 08:03:55 pushed blob: sha256:743f9317ea4d6a8c6705fe31a6654d98b61ab2bb7564b3a648f4fa5f9e0831c6
2020/02/25 08:03:55 pushed blob: sha256:1ef6fdefb9834aa08926f60f29035e41966645b8e2cfe3a894b238ab5d73a6bd
2020/02/25 08:03:56 gcr.io/*********-multicluster/nodey421:0.0.0-SNAPSHOT-PR-4-1: digest: sha256:5a0c201cb882968bb1732e33385907f1973863e03fa3783a6df2a991b07ffa71 size: 1404

Showing logs for build [32mjstrachan-nodey421-pr-4-pr-buil-wdgfw-1[0m stage [32mfrom-build-pack[0m and container [32mstep-postbuild-post-build[0m
no CVE provider running in the current ** namespace so skip adding image to be analysed

Showing logs for build [32mjstrachan-nodey421-pr-4-pr-buil-wdgfw-1[0m stage [32mfrom-build-pack[0m and container [32mstep-promote-make-preview[0m
sed -i -e "s/version:.*/version: 0.0.0-SNAPSHOT-PR-4-1/" Chart.yaml
sed -i -e "s/version:.*/version: 0.0.0-SNAPSHOT-PR-4-1/" ../*/Chart.yaml
sed -i -e "s|repository:.*|repository: gcr.io\/*********-multicluster\/nodey421|" values.yaml
sed -i -e "s/tag:.*/tag: 0.0.0-SNAPSHOT-PR-4-1/" values.yaml
echo "  version: 0.0.0-SNAPSHOT-PR-4-1" >> requirements.yaml
** step helm build
WARNING: No $CHART_REPOSITORY defined so using the default value of: http://jenkins-x-chartmuseum:8080
Adding missing Helm repo: storage.googleapis.com https://storage.googleapis.com/chartmuseum.jenkins-x.io
Successfully added Helm repository storage.googleapis.com.
Adding missing Helm repo: jenkins-x-chartmuseum http://jenkins-x-chartmuseum:8080
Successfully added Helm repository jenkins-x-chartmuseum.
WARNING: No $CHART_REPOSITORY defined so using the default value of: http://jenkins-x-chartmuseum:8080
Adding missing Helm repo: chartmuseum.jenkins-x.io http://chartmuseum.jenkins-x.io
Successfully added Helm repository chartmuseum.jenkins-x.io.

Showing logs for build [32mjstrachan-nodey421-pr-4-pr-buil-wdgfw-1[0m stage [32mfrom-build-pack[0m and container [32mstep-promote-jx-preview[0m
Creating a preview
FATAL: Your current helm version v3 is not supported. Please downgrade to helm v2.
[31m
Pipeline failed on stage 'from-build-pack' : container 'step-promote-jx-preview'. The execution of the pipeline has stopped.[0m
