
Showing logs for build [32mjstrachan-nodey421-pr-5-pr-buil-qbvs7-1[0m stage [32mfrom-build-pack[0m and container [32mstep-credential-initializer-5jtn8[0m
{"level":"warn","ts":1582622661.8467722,"logger":"fallback-logger","caller":"logging/config.go:69","msg":"Fetch GitHub commit ID from kodata failed: \"ref: refs/heads/0.8.0-**-support-backwards-incompats\" is not a valid GitHub commit ID"}
{"level":"info","ts":1582622661.8485436,"logger":"fallback-logger","caller":"creds-init/main.go:40","msg":"Credentials initialized."}

Showing logs for build [32mjstrachan-nodey421-pr-5-pr-buil-qbvs7-1[0m stage [32mfrom-build-pack[0m and container [32mstep-working-dir-initializer-wcqpq[0m
{"level":"warn","ts":1582622662.8078787,"logger":"fallback-logger","caller":"logging/config.go:69","msg":"Fetch GitHub commit ID from kodata failed: open /var/run/ko/HEAD: no such file or directory"}
{"level":"info","ts":1582622662.8096175,"logger":"fallback-logger","caller":"bash/main.go:64","msg":"Successfully executed command \"sh -c mkdir -p /workspace/source\"; output "}

Showing logs for build [32mjstrachan-nodey421-pr-5-pr-buil-qbvs7-1[0m stage [32mfrom-build-pack[0m and container [32mstep-place-tools[0m

Showing logs for build [32mjstrachan-nodey421-pr-5-pr-buil-qbvs7-1[0m stage [32mfrom-build-pack[0m and container [32mstep-git-source-jstrachan-nodey421-pr-5-pr-buil-qbvs7-p4z5r[0m
{"level":"warn","ts":1582622680.8934755,"logger":"fallback-logger","caller":"logging/config.go:69","msg":"Fetch GitHub commit ID from kodata failed: \"ref: refs/heads/0.8.0-**-support-backwards-incompats\" is not a valid GitHub commit ID"}
{"level":"info","ts":1582622681.9804416,"logger":"fallback-logger","caller":"git/git.go:103","msg":"Successfully cloned https://github.com/*********/nodey421.git @ master in path /workspace/source"}

Showing logs for build [32mjstrachan-nodey421-pr-5-pr-buil-qbvs7-1[0m stage [32mfrom-build-pack[0m and container [32mstep-git-merge[0m
Using SHAs from PULL_REFS=master:566b1647b46beeb4815bea25cc87fc22d46dabf3,5:ea1f22c139fd8b65d6fa7321f6608ca3ef53caca
DEBUG: JX_LOG_LEVEL=error LC_ALL=C git fetch origin --unshallow ea1f22c139fd8b65d6fa7321f6608ca3ef53caca: 566b1647b46beeb4815bea25cc87fc22d46dabf3:
DEBUG: ran git fetch --unshallow origin ea1f22c139fd8b65d6fa7321f6608ca3ef53caca: 566b1647b46beeb4815bea25cc87fc22d46dabf3: in 
DEBUG: LC_ALL=C JX_LOG_LEVEL=error git branch
DEBUG: LC_ALL=C JX_LOG_LEVEL=error git checkout master
DEBUG: ran git checkout master in 
DEBUG: LC_ALL=C JX_LOG_LEVEL=error git reset --hard 566b1647b46beeb4815bea25cc87fc22d46dabf3
DEBUG: ran git reset --hard 566b1647b46beeb4815bea25cc87fc22d46dabf3 in 
DEBUG: LC_ALL=C JX_LOG_LEVEL=error git clean -fd .
DEBUG: ran clean --force -d . in 
DEBUG: LC_ALL=C JX_LOG_LEVEL=error git merge ea1f22c139fd8b65d6fa7321f6608ca3ef53caca
DEBUG: ran git merge ea1f22c139fd8b65d6fa7321f6608ca3ef53caca in 
DEBUG: LC_ALL=C JX_LOG_LEVEL=error git log --format=%H%x1f%an%x1f%ae%x1f%cn%x1f%ce%x1f%s%n%b%x1e 566b1647b46beeb4815bea25cc87fc22d46dabf3..HEAD
Merged SHA ea1f22c139fd8b65d6fa7321f6608ca3ef53caca with commit message 'Update index.html' into base branch master

Showing logs for build [32mjstrachan-nodey421-pr-5-pr-buil-qbvs7-1[0m stage [32mfrom-build-pack[0m and container [32mstep-build-npmrc[0m
Command "credential" is deprecated, it will be removed on Jun 1 2020.  This is replaced by Tekton's mounted secrets
WARNING: failed to find Secret npm-token in namespace **

Showing logs for build [32mjstrachan-nodey421-pr-5-pr-buil-qbvs7-1[0m stage [32mfrom-build-pack[0m and container [32mstep-build-npm-install[0m
npm notice created a lockfile as package-lock.json. You should commit this file.
npm WARN REPLACE_ME@1.0.0 No repository field.
npm WARN REPLACE_ME@1.0.0 No license field.

up to date in 0.367s
found 0 vulnerabilities


Showing logs for build [32mjstrachan-nodey421-pr-5-pr-buil-qbvs7-1[0m stage [32mfrom-build-pack[0m and container [32mstep-build-npm-test[0m

> REPLACE_ME@1.0.0 test /workspace/source
> echo "no test specified" && exit 0

no test specified

Showing logs for build [32mjstrachan-nodey421-pr-5-pr-buil-qbvs7-1[0m stage [32mfrom-build-pack[0m and container [32mstep-build-container-build[0m
ERROR: logging before flag.Parse: E0225 09:24:48.960488      11 metadata.go:241] Failed to unmarshal scopes: invalid character 'h' looking for beginning of value
[36mINFO[0m[0001] Downloading base image node:9-slim           
ERROR: logging before flag.Parse: E0225 09:24:48.978128      11 metadata.go:142] while reading 'google-dockercfg' metadata: http status code: 404 while fetching url http://metadata.google.internal./computeMetadata/v1/instance/attributes/google-dockercfg
ERROR: logging before flag.Parse: E0225 09:24:49.160348      11 metadata.go:159] while reading 'google-dockercfg-url' metadata: http status code: 404 while fetching url http://metadata.google.internal./computeMetadata/v1/instance/attributes/google-dockercfg-url
2020/02/25 09:24:49 No matching credentials were found, falling back on anonymous
[36mINFO[0m[0003] Error while retrieving image from cache: getting file info: stat /workspace/sha256:0e0175bbe4f8d9d104590d8d2c591017874e30977cb71aaff1cf6fa99479575c: no such file or directory 
[36mINFO[0m[0003] Downloading base image node:9-slim           
2020/02/25 09:24:50 No matching credentials were found, falling back on anonymous
[36mINFO[0m[0004] Executing 0 build triggers                   
[36mINFO[0m[0004] cmd: EXPOSE                                  
[36mINFO[0m[0004] Adding exposed port: 8080/tcp                
[36mINFO[0m[0004] Using files from context: [/workspace/source] 
[36mINFO[0m[0004] Skipping unpacking as no commands require it. 
[36mINFO[0m[0004] Taking snapshot of full filesystem...        
[36mINFO[0m[0004] ENV PORT 8080                                
[36mINFO[0m[0004] No files changed in this command, skipping snapshotting. 
[36mINFO[0m[0004] EXPOSE 8080                                  
[36mINFO[0m[0004] cmd: EXPOSE                                  
[36mINFO[0m[0004] Adding exposed port: 8080/tcp                
[36mINFO[0m[0004] No files changed in this command, skipping snapshotting. 
[36mINFO[0m[0004] WORKDIR /usr/src/app                         
[36mINFO[0m[0004] cmd: workdir                                 
[36mINFO[0m[0004] Changed working directory to /usr/src/app    
[36mINFO[0m[0004] Creating directory /usr/src/app              
[36mINFO[0m[0004] Taking snapshot of files...                  
[36mINFO[0m[0004] Using files from context: [/workspace/source] 
[36mINFO[0m[0004] COPY . .                                     
[36mINFO[0m[0004] Taking snapshot of files...                  
[36mINFO[0m[0004] CMD ["npm", "start"]                         
[36mINFO[0m[0004] No files changed in this command, skipping snapshotting. 
2020/02/25 09:24:51 existing blob: sha256:a88538b9cd05cfa611e43a25582a95ad7879f6fa708b0386a26b71ee62235bb3
2020/02/25 09:24:51 existing blob: sha256:e01bd28a434b56ffd2a3fe9aa99b9b69aecca69904843edd30b1ee7150d79904
2020/02/25 09:24:51 existing blob: sha256:5bba3ecb4cd6374a19da45f2a3db0a9c0804984358b3bb4b666c28944016e5ff
2020/02/25 09:24:51 existing blob: sha256:7d083412657baa2dafba8d093034ef26f9ed2c90fb6ed95f76bb55aff03ed429
2020/02/25 09:24:51 existing blob: sha256:196b8e3c919d5639193ba6c6e54774528942041bbc37606631a2250502985c3c
2020/02/25 09:24:55 pushed blob: sha256:ce1fe6fc74f6a034cd769b3558189cd58b22afb756ca4fd4c31111ac3b240ca6
2020/02/25 09:24:55 pushed blob: sha256:b24964a24d44282833aebaa1751903bea775df6666649e477b381892afba419f
2020/02/25 09:24:55 pushed blob: sha256:8c4582e97591e1bf31a9cb998f8f66ab338270a3ed3012658137f2cabd119761
2020/02/25 09:24:56 gcr.io/*********-multicluster/nodey421:0.0.0-SNAPSHOT-PR-5-1: digest: sha256:be7d4093cf6121ffb2ac55864fe17fee55690cf8b530f33907f0a7eb7ed051dc size: 1404

Showing logs for build [32mjstrachan-nodey421-pr-5-pr-buil-qbvs7-1[0m stage [32mfrom-build-pack[0m and container [32mstep-postbuild-post-build[0m
no CVE provider running in the current ** namespace so skip adding image to be analysed

Showing logs for build [32mjstrachan-nodey421-pr-5-pr-buil-qbvs7-1[0m stage [32mfrom-build-pack[0m and container [32mstep-promote-make-preview[0m
sed -i -e "s/version:.*/version: 0.0.0-SNAPSHOT-PR-5-1/" Chart.yaml
sed -i -e "s/version:.*/version: 0.0.0-SNAPSHOT-PR-5-1/" ../*/Chart.yaml
sed -i -e "s|repository:.*|repository: gcr.io\/*********-multicluster\/nodey421|" values.yaml
sed -i -e "s/tag:.*/tag: 0.0.0-SNAPSHOT-PR-5-1/" values.yaml
echo "  version: 0.0.0-SNAPSHOT-PR-5-1" >> requirements.yaml
** step helm build
WARNING: No $CHART_REPOSITORY defined so using the default value of: http://jenkins-x-chartmuseum:8080
Adding missing Helm repo: storage.googleapis.com https://storage.googleapis.com/chartmuseum.jenkins-x.io
Successfully added Helm repository storage.googleapis.com.
Adding missing Helm repo: jenkins-x-chartmuseum http://jenkins-x-chartmuseum:8080
Successfully added Helm repository jenkins-x-chartmuseum.
WARNING: No $CHART_REPOSITORY defined so using the default value of: http://jenkins-x-chartmuseum:8080
Adding missing Helm repo: chartmuseum.jenkins-x.io http://chartmuseum.jenkins-x.io
Successfully added Helm repository chartmuseum.jenkins-x.io.

Showing logs for build [32mjstrachan-nodey421-pr-5-pr-buil-qbvs7-1[0m stage [32mfrom-build-pack[0m and container [32mstep-promote-jx-preview[0m
Creating a preview
WARNING: Unable to detect the current helm version due to: failed to run 'helm3 version --short --client' command in directory '', output: ''
Found commit author match for: ********* with email address: james.strachan@gmail.com
Created environment *********-nodey421-pr-5
Namespace **-*********-nodey421-pr-5 created 
expose:
  Annotations:
    helm.sh/hook: post-install,post-upgrade
    helm.sh/hook-delete-policy: hook-succeeded
  config:
    domain: 35.195.46.225.nip.io
    exposer: Ingress
    http: "true"
preview:
  image:
    repository: gcr.io/*********/nodey421
    tag: 0.0.0-SNAPSHOT-PR-5-1
Cloning the Jenkins X versions repo https://github.com/jenkins-x/jenkins-x-versions.git with ref refs/heads/master to /builder/home/.**/jenkins-x-versions
WARNING: Manually switching namespace to for helm3 alpha - **-*********-nodey421-pr-5, this code should be removed once --namespaces is implemented
error: unable to get context
[31m
Pipeline failed on stage 'from-build-pack' : container 'step-promote-jx-preview'. The execution of the pipeline has stopped.[0m
